{"/home/foomanchu8008/Documents/cloudcurio-next-blog/app/api/auth/[...nextauth]/route.ts": {"path":"/home/foomanchu8008/Documents/cloudcurio-next-blog/app/api/auth/[...nextauth]/route.ts","statementMap":{"0":{"start":{"line":1,"column":0},"end":{"line":1,"column":33}},"1":{"start":{"line":2,"column":0},"end":{"line":2,"column":41}},"2":{"start":{"line":3,"column":13},"end":{"line":3,"column":32}},"3":{"start":{"line":4,"column":16},"end":{"line":4,"column":37}},"4":{"start":{"line":5,"column":20},"end":{"line":5,"column":23}},"5":{"start":{"line":5,"column":36},"end":{"line":5,"column":40}}},"fnMap":{},"branchMap":{},"s":{"0":0,"1":0,"2":0,"3":0,"4":0,"5":0},"f":{},"b":{}}
,"/home/foomanchu8008/Documents/cloudcurio-next-blog/app/api/billing/create-checkout/route.ts": {"path":"/home/foomanchu8008/Documents/cloudcurio-next-blog/app/api/billing/create-checkout/route.ts","statementMap":{"0":{"start":{"line":7,"column":0},"end":{"line":7,"column":7}},"1":{"start":{"line":1,"column":0},"end":{"line":1,"column":43}},"2":{"start":{"line":2,"column":0},"end":{"line":2,"column":56}},"3":{"start":{"line":3,"column":0},"end":{"line":3,"column":45}},"4":{"start":{"line":4,"column":0},"end":{"line":4,"column":41}},"5":{"start":{"line":5,"column":0},"end":{"line":5,"column":34}},"6":{"start":{"line":6,"column":13},"end":{"line":6,"column":32}},"7":{"start":{"line":8,"column":18},"end":{"line":8,"column":53}},"8":{"start":{"line":9,"column":2},"end":{"line":9,"column":91}},"9":{"start":{"line":9,"column":28},"end":{"line":9,"column":91}},"10":{"start":{"line":10,"column":15},"end":{"line":10,"column":85}},"11":{"start":{"line":11,"column":22},"end":{"line":11,"column":75}},"12":{"start":{"line":12,"column":21},"end":{"line":12,"column":73}},"13":{"start":{"line":13,"column":19},"end":{"line":18,"column":4}},"14":{"start":{"line":19,"column":2},"end":{"line":19,"column":50}}},"fnMap":{"0":{"name":"POST","decl":{"start":{"line":7,"column":22},"end":{"line":7,"column":26}},"loc":{"start":{"line":7,"column":26},"end":{"line":20,"column":1}}}},"branchMap":{"0":{"loc":{"start":{"line":9,"column":2},"end":{"line":9,"column":91}},"type":"if","locations":[{"start":{"line":9,"column":2},"end":{"line":9,"column":91}},{"start":{},"end":{}}]},"1":{"loc":{"start":{"line":15,"column":20},"end":{"line":15,"column":44}},"type":"binary-expr","locations":[{"start":{"line":15,"column":20},"end":{"line":15,"column":31}},{"start":{"line":15,"column":35},"end":{"line":15,"column":44}}]}},"s":{"0":0,"1":0,"2":0,"3":0,"4":0,"5":0,"6":0,"7":0,"8":0,"9":0,"10":0,"11":0,"12":0,"13":0,"14":0},"f":{"0":0},"b":{"0":[0,0],"1":[0,0]}}
,"/home/foomanchu8008/Documents/cloudcurio-next-blog/app/api/billing/portal/route.ts": {"path":"/home/foomanchu8008/Documents/cloudcurio-next-blog/app/api/billing/portal/route.ts","statementMap":{"0":{"start":{"line":7,"column":0},"end":{"line":7,"column":7}},"1":{"start":{"line":1,"column":0},"end":{"line":1,"column":43}},"2":{"start":{"line":2,"column":0},"end":{"line":2,"column":38}},"3":{"start":{"line":3,"column":0},"end":{"line":3,"column":45}},"4":{"start":{"line":4,"column":0},"end":{"line":4,"column":41}},"5":{"start":{"line":5,"column":0},"end":{"line":5,"column":34}},"6":{"start":{"line":6,"column":13},"end":{"line":6,"column":32}},"7":{"start":{"line":8,"column":18},"end":{"line":8,"column":53}},"8":{"start":{"line":9,"column":2},"end":{"line":9,"column":91}},"9":{"start":{"line":9,"column":28},"end":{"line":9,"column":91}},"10":{"start":{"line":10,"column":15},"end":{"line":10,"column":85}},"11":{"start":{"line":11,"column":14},"end":{"line":11,"column":132}},"12":{"start":{"line":12,"column":2},"end":{"line":12,"column":83}},"13":{"start":{"line":12,"column":11},"end":{"line":12,"column":83}},"14":{"start":{"line":13,"column":17},"end":{"line":16,"column":4}},"15":{"start":{"line":17,"column":2},"end":{"line":17,"column":48}}},"fnMap":{"0":{"name":"POST","decl":{"start":{"line":7,"column":22},"end":{"line":7,"column":26}},"loc":{"start":{"line":7,"column":26},"end":{"line":18,"column":1}}}},"branchMap":{"0":{"loc":{"start":{"line":9,"column":2},"end":{"line":9,"column":91}},"type":"if","locations":[{"start":{"line":9,"column":2},"end":{"line":9,"column":91}},{"start":{},"end":{}}]},"1":{"loc":{"start":{"line":12,"column":2},"end":{"line":12,"column":83}},"type":"if","locations":[{"start":{"line":12,"column":2},"end":{"line":12,"column":83}},{"start":{},"end":{}}]}},"s":{"0":0,"1":0,"2":0,"3":0,"4":0,"5":0,"6":0,"7":0,"8":0,"9":0,"10":0,"11":0,"12":0,"13":0,"14":0,"15":0},"f":{"0":0},"b":{"0":[0,0],"1":[0,0]}}
,"/home/foomanchu8008/Documents/cloudcurio-next-blog/app/api/chat/route.ts": {"path":"/home/foomanchu8008/Documents/cloudcurio-next-blog/app/api/chat/route.ts","statementMap":{"0":{"start":{"line":6,"column":0},"end":{"line":6,"column":7}},"1":{"start":{"line":1,"column":0},"end":{"line":1,"column":43}},"2":{"start":{"line":2,"column":0},"end":{"line":2,"column":45}},"3":{"start":{"line":3,"column":0},"end":{"line":3,"column":41}},"4":{"start":{"line":4,"column":0},"end":{"line":4,"column":54}},"5":{"start":{"line":5,"column":13},"end":{"line":5,"column":32}},"6":{"start":{"line":7,"column":18},"end":{"line":7,"column":53}},"7":{"start":{"line":8,"column":2},"end":{"line":8,"column":78}},"8":{"start":{"line":8,"column":15},"end":{"line":8,"column":78}},"9":{"start":{"line":9,"column":15},"end":{"line":9,"column":35}},"10":{"start":{"line":10,"column":17},"end":{"line":10,"column":62}},"11":{"start":{"line":11,"column":18},"end":{"line":11,"column":50}},"12":{"start":{"line":12,"column":16},"end":{"line":12,"column":40}},"13":{"start":{"line":13,"column":2},"end":{"line":13,"column":78}},"14":{"start":{"line":13,"column":16},"end":{"line":13,"column":78}},"15":{"start":{"line":14,"column":17},"end":{"line":14,"column":52}},"16":{"start":{"line":15,"column":2},"end":{"line":15,"column":100}},"17":{"start":{"line":16,"column":2},"end":{"line":16,"column":39}}},"fnMap":{"0":{"name":"POST","decl":{"start":{"line":6,"column":22},"end":{"line":6,"column":26}},"loc":{"start":{"line":6,"column":39},"end":{"line":17,"column":1}}}},"branchMap":{"0":{"loc":{"start":{"line":8,"column":2},"end":{"line":8,"column":78}},"type":"if","locations":[{"start":{"line":8,"column":2},"end":{"line":8,"column":78}},{"start":{},"end":{}}]},"1":{"loc":{"start":{"line":10,"column":24},"end":{"line":10,"column":46}},"type":"binary-expr","locations":[{"start":{"line":10,"column":24},"end":{"line":10,"column":42}},{"start":{"line":10,"column":44},"end":{"line":10,"column":46}}]},"2":{"loc":{"start":{"line":13,"column":2},"end":{"line":13,"column":78}},"type":"if","locations":[{"start":{"line":13,"column":2},"end":{"line":13,"column":78}},{"start":{},"end":{}}]}},"s":{"0":0,"1":0,"2":0,"3":0,"4":0,"5":0,"6":0,"7":0,"8":0,"9":0,"10":0,"11":0,"12":0,"13":0,"14":0,"15":0,"16":0,"17":0},"f":{"0":0},"b":{"0":[0,0],"1":[0,0],"2":[0,0]}}
,"/home/foomanchu8008/Documents/cloudcurio-next-blog/app/api/github/webhook/route.ts": {"path":"/home/foomanchu8008/Documents/cloudcurio-next-blog/app/api/github/webhook/route.ts","statementMap":{"0":{"start":{"line":11,"column":0},"end":{"line":11,"column":7}},"1":{"start":{"line":1,"column":0},"end":{"line":1,"column":43}},"2":{"start":{"line":2,"column":0},"end":{"line":2,"column":28}},"3":{"start":{"line":3,"column":0},"end":{"line":3,"column":34}},"4":{"start":{"line":4,"column":13},"end":{"line":4,"column":32}},"5":{"start":{"line":6,"column":17},"end":{"line":6,"column":56}},"6":{"start":{"line":7,"column":2},"end":{"line":7,"column":35}},"7":{"start":{"line":7,"column":22},"end":{"line":7,"column":35}},"8":{"start":{"line":8,"column":15},"end":{"line":8,"column":77}},"9":{"start":{"line":9,"column":2},"end":{"line":9,"column":34}},"10":{"start":{"line":12,"column":14},"end":{"line":12,"column":30}},"11":{"start":{"line":13,"column":2},"end":{"line":13,"column":121}},"12":{"start":{"line":13,"column":59},"end":{"line":13,"column":121}},"13":{"start":{"line":14,"column":14},"end":{"line":14,"column":29}},"14":{"start":{"line":15,"column":15},"end":{"line":15,"column":68}},"15":{"start":{"line":16,"column":2},"end":{"line":23,"column":3}},"16":{"start":{"line":17,"column":19},"end":{"line":17,"column":29}},"17":{"start":{"line":18,"column":4},"end":{"line":22,"column":5}},"18":{"start":{"line":19,"column":22},"end":{"line":19,"column":76}},"19":{"start":{"line":20,"column":18},"end":{"line":20,"column":164}},"20":{"start":{"line":21,"column":6},"end":{"line":21,"column":49}},"21":{"start":{"line":24,"column":2},"end":{"line":24,"column":40}}},"fnMap":{"0":{"name":"verify","decl":{"start":{"line":5,"column":9},"end":{"line":5,"column":15}},"loc":{"start":{"line":5,"column":46},"end":{"line":10,"column":1}}},"1":{"name":"POST","decl":{"start":{"line":11,"column":22},"end":{"line":11,"column":26}},"loc":{"start":{"line":11,"column":39},"end":{"line":25,"column":1}}}},"branchMap":{"0":{"loc":{"start":{"line":6,"column":17},"end":{"line":6,"column":56}},"type":"binary-expr","locations":[{"start":{"line":6,"column":17},"end":{"line":6,"column":50}},{"start":{"line":6,"column":54},"end":{"line":6,"column":56}}]},"1":{"loc":{"start":{"line":7,"column":2},"end":{"line":7,"column":35}},"type":"if","locations":[{"start":{"line":7,"column":2},"end":{"line":7,"column":35}},{"start":{},"end":{}}]},"2":{"loc":{"start":{"line":7,"column":5},"end":{"line":7,"column":20}},"type":"binary-expr","locations":[{"start":{"line":7,"column":5},"end":{"line":7,"column":12}},{"start":{"line":7,"column":16},"end":{"line":7,"column":20}}]},"3":{"loc":{"start":{"line":13,"column":2},"end":{"line":13,"column":121}},"type":"if","locations":[{"start":{"line":13,"column":2},"end":{"line":13,"column":121}},{"start":{},"end":{}}]},"4":{"loc":{"start":{"line":15,"column":16},"end":{"line":15,"column":53}},"type":"binary-expr","locations":[{"start":{"line":15,"column":16},"end":{"line":15,"column":49}},{"start":{"line":15,"column":51},"end":{"line":15,"column":53}}]},"5":{"loc":{"start":{"line":16,"column":2},"end":{"line":23,"column":3}},"type":"if","locations":[{"start":{"line":16,"column":2},"end":{"line":23,"column":3}},{"start":{},"end":{}}]},"6":{"loc":{"start":{"line":18,"column":4},"end":{"line":22,"column":5}},"type":"if","locations":[{"start":{"line":18,"column":4},"end":{"line":22,"column":5}},{"start":{},"end":{}}]},"7":{"loc":{"start":{"line":19,"column":22},"end":{"line":19,"column":76}},"type":"binary-expr","locations":[{"start":{"line":19,"column":22},"end":{"line":19,"column":48}},{"start":{"line":19,"column":52},"end":{"line":19,"column":76}}]}},"s":{"0":0,"1":0,"2":0,"3":0,"4":0,"5":0,"6":0,"7":0,"8":0,"9":0,"10":0,"11":0,"12":0,"13":0,"14":0,"15":0,"16":0,"17":0,"18":0,"19":0,"20":0,"21":0},"f":{"0":0,"1":0},"b":{"0":[0,0],"1":[0,0],"2":[0,0],"3":[0,0],"4":[0,0],"5":[0,0],"6":[0,0],"7":[0,0]}}
,"/home/foomanchu8008/Documents/cloudcurio-next-blog/app/api/gitlab/webhook/route.ts": {"path":"/home/foomanchu8008/Documents/cloudcurio-next-blog/app/api/gitlab/webhook/route.ts","statementMap":{"0":{"start":{"line":4,"column":0},"end":{"line":4,"column":7}},"1":{"start":{"line":1,"column":0},"end":{"line":1,"column":43}},"2":{"start":{"line":2,"column":0},"end":{"line":2,"column":34}},"3":{"start":{"line":3,"column":13},"end":{"line":3,"column":32}},"4":{"start":{"line":5,"column":16},"end":{"line":5,"column":49}},"5":{"start":{"line":6,"column":2},"end":{"line":6,"column":115}},"6":{"start":{"line":6,"column":57},"end":{"line":6,"column":115}},"7":{"start":{"line":7,"column":14},"end":{"line":7,"column":30}},"8":{"start":{"line":8,"column":2},"end":{"line":12,"column":3}},"9":{"start":{"line":9,"column":20},"end":{"line":9,"column":70}},"10":{"start":{"line":10,"column":16},"end":{"line":10,"column":164}},"11":{"start":{"line":11,"column":4},"end":{"line":11,"column":47}},"12":{"start":{"line":13,"column":2},"end":{"line":13,"column":40}}},"fnMap":{"0":{"name":"POST","decl":{"start":{"line":4,"column":22},"end":{"line":4,"column":26}},"loc":{"start":{"line":4,"column":39},"end":{"line":14,"column":1}}}},"branchMap":{"0":{"loc":{"start":{"line":6,"column":2},"end":{"line":6,"column":115}},"type":"if","locations":[{"start":{"line":6,"column":2},"end":{"line":6,"column":115}},{"start":{},"end":{}}]},"1":{"loc":{"start":{"line":6,"column":6},"end":{"line":6,"column":44}},"type":"binary-expr","locations":[{"start":{"line":6,"column":6},"end":{"line":6,"column":38}},{"start":{"line":6,"column":42},"end":{"line":6,"column":44}}]},"2":{"loc":{"start":{"line":8,"column":2},"end":{"line":12,"column":3}},"type":"if","locations":[{"start":{"line":8,"column":2},"end":{"line":12,"column":3}},{"start":{},"end":{}}]},"3":{"loc":{"start":{"line":8,"column":5},"end":{"line":8,"column":110}},"type":"binary-expr","locations":[{"start":{"line":8,"column":5},"end":{"line":8,"column":40}},{"start":{"line":8,"column":44},"end":{"line":8,"column":110}}]},"4":{"loc":{"start":{"line":9,"column":20},"end":{"line":9,"column":70}},"type":"binary-expr","locations":[{"start":{"line":9,"column":20},"end":{"line":9,"column":46}},{"start":{"line":9,"column":50},"end":{"line":9,"column":70}}]}},"s":{"0":0,"1":0,"2":0,"3":0,"4":0,"5":0,"6":0,"7":0,"8":0,"9":0,"10":0,"11":0,"12":0},"f":{"0":0},"b":{"0":[0,0],"1":[0,0],"2":[0,0],"3":[0,0],"4":[0,0]}}
,"/home/foomanchu8008/Documents/cloudcurio-next-blog/app/api/reviews/route.ts": {"path":"/home/foomanchu8008/Documents/cloudcurio-next-blog/app/api/reviews/route.ts","statementMap":{"0":{"start":{"line":6,"column":0},"end":{"line":6,"column":7}},"1":{"start":{"line":13,"column":0},"end":{"line":13,"column":7}},"2":{"start":{"line":1,"column":0},"end":{"line":1,"column":43}},"3":{"start":{"line":2,"column":0},"end":{"line":2,"column":34}},"4":{"start":{"line":3,"column":0},"end":{"line":3,"column":45}},"5":{"start":{"line":4,"column":0},"end":{"line":4,"column":41}},"6":{"start":{"line":5,"column":13},"end":{"line":5,"column":32}},"7":{"start":{"line":7,"column":18},"end":{"line":7,"column":53}},"8":{"start":{"line":8,"column":2},"end":{"line":8,"column":123}},"9":{"start":{"line":8,"column":58},"end":{"line":8,"column":123}},"10":{"start":{"line":9,"column":37},"end":{"line":9,"column":53}},"11":{"start":{"line":10,"column":14},"end":{"line":10,"column":90}},"12":{"start":{"line":11,"column":2},"end":{"line":11,"column":36}},"13":{"start":{"line":14,"column":15},"end":{"line":14,"column":92}},"14":{"start":{"line":15,"column":2},"end":{"line":15,"column":37}}},"fnMap":{"0":{"name":"POST","decl":{"start":{"line":6,"column":22},"end":{"line":6,"column":26}},"loc":{"start":{"line":6,"column":39},"end":{"line":12,"column":1}}},"1":{"name":"GET","decl":{"start":{"line":13,"column":22},"end":{"line":13,"column":25}},"loc":{"start":{"line":13,"column":25},"end":{"line":16,"column":1}}}},"branchMap":{"0":{"loc":{"start":{"line":8,"column":2},"end":{"line":8,"column":123}},"type":"if","locations":[{"start":{"line":8,"column":2},"end":{"line":8,"column":123}},{"start":{},"end":{}}]},"1":{"loc":{"start":{"line":8,"column":5},"end":{"line":8,"column":56}},"type":"binary-expr","locations":[{"start":{"line":8,"column":5},"end":{"line":8,"column":13}},{"start":{"line":8,"column":18},"end":{"line":8,"column":56}}]},"2":{"loc":{"start":{"line":9,"column":19},"end":{"line":9,"column":32}},"type":"default-arg","locations":[{"start":{"line":9,"column":25},"end":{"line":9,"column":32}}]}},"s":{"0":0,"1":0,"2":0,"3":0,"4":0,"5":0,"6":0,"7":0,"8":0,"9":0,"10":0,"11":0,"12":0,"13":0,"14":0},"f":{"0":0,"1":0},"b":{"0":[0,0],"1":[0,0],"2":[0]}}
,"/home/foomanchu8008/Documents/cloudcurio-next-blog/app/api/reviews/[id]/complete/route.ts": {"path":"/home/foomanchu8008/Documents/cloudcurio-next-blog/app/api/reviews/[id]/complete/route.ts","statementMap":{"0":{"start":{"line":16,"column":0},"end":{"line":16,"column":7}},"1":{"start":{"line":1,"column":0},"end":{"line":1,"column":43}},"2":{"start":{"line":2,"column":0},"end":{"line":2,"column":34}},"3":{"start":{"line":3,"column":13},"end":{"line":3,"column":32}},"4":{"start":{"line":5,"column":2},"end":{"line":14,"column":10}},"5":{"start":{"line":6,"column":18},"end":{"line":6,"column":41}},"6":{"start":{"line":7,"column":4},"end":{"line":9,"column":5}},"7":{"start":{"line":8,"column":6},"end":{"line":8,"column":250}},"8":{"start":{"line":10,"column":18},"end":{"line":10,"column":41}},"9":{"start":{"line":10,"column":58},"end":{"line":10,"column":111}},"10":{"start":{"line":11,"column":4},"end":{"line":13,"column":5}},"11":{"start":{"line":12,"column":6},"end":{"line":12,"column":176}},"12":{"start":{"line":17,"column":16},"end":{"line":17,"column":46}},"13":{"start":{"line":18,"column":2},"end":{"line":18,"column":128}},"14":{"start":{"line":18,"column":60},"end":{"line":18,"column":128}},"15":{"start":{"line":19,"column":42},"end":{"line":19,"column":58}},"16":{"start":{"line":20,"column":2},"end":{"line":22,"column":3}},"17":{"start":{"line":21,"column":4},"end":{"line":21,"column":132}},"18":{"start":{"line":23,"column":14},"end":{"line":23,"column":189}},"19":{"start":{"line":24,"column":2},"end":{"line":24,"column":95}},"20":{"start":{"line":25,"column":2},"end":{"line":25,"column":41}}},"fnMap":{"0":{"name":"emit","decl":{"start":{"line":4,"column":15},"end":{"line":4,"column":19}},"loc":{"start":{"line":4,"column":47},"end":{"line":15,"column":1}}},"1":{"name":"POST","decl":{"start":{"line":16,"column":22},"end":{"line":16,"column":26}},"loc":{"start":{"line":16,"column":77},"end":{"line":26,"column":1}}}},"branchMap":{"0":{"loc":{"start":{"line":7,"column":4},"end":{"line":9,"column":5}},"type":"if","locations":[{"start":{"line":7,"column":4},"end":{"line":9,"column":5}},{"start":{},"end":{}}]},"1":{"loc":{"start":{"line":10,"column":58},"end":{"line":10,"column":111}},"type":"binary-expr","locations":[{"start":{"line":10,"column":58},"end":{"line":10,"column":82}},{"start":{"line":10,"column":86},"end":{"line":10,"column":111}}]},"2":{"loc":{"start":{"line":11,"column":4},"end":{"line":13,"column":5}},"type":"if","locations":[{"start":{"line":11,"column":4},"end":{"line":13,"column":5}},{"start":{},"end":{}}]},"3":{"loc":{"start":{"line":17,"column":16},"end":{"line":17,"column":46}},"type":"binary-expr","locations":[{"start":{"line":17,"column":16},"end":{"line":17,"column":40}},{"start":{"line":17,"column":44},"end":{"line":17,"column":46}}]},"4":{"loc":{"start":{"line":18,"column":2},"end":{"line":18,"column":128}},"type":"if","locations":[{"start":{"line":18,"column":2},"end":{"line":18,"column":128}},{"start":{},"end":{}}]},"5":{"loc":{"start":{"line":18,"column":5},"end":{"line":18,"column":58}},"type":"binary-expr","locations":[{"start":{"line":18,"column":5},"end":{"line":18,"column":11}},{"start":{"line":18,"column":15},"end":{"line":18,"column":58}}]},"6":{"loc":{"start":{"line":20,"column":2},"end":{"line":22,"column":3}},"type":"if","locations":[{"start":{"line":20,"column":2},"end":{"line":22,"column":3}},{"start":{},"end":{}}]},"7":{"loc":{"start":{"line":23,"column":88},"end":{"line":23,"column":104}},"type":"binary-expr","locations":[{"start":{"line":23,"column":88},"end":{"line":23,"column":94}},{"start":{"line":23,"column":98},"end":{"line":23,"column":104}}]},"8":{"loc":{"start":{"line":23,"column":154},"end":{"line":23,"column":176}},"type":"cond-expr","locations":[{"start":{"line":23,"column":162},"end":{"line":23,"column":171}},{"start":{"line":23,"column":174},"end":{"line":23,"column":176}}]},"9":{"loc":{"start":{"line":24,"column":78},"end":{"line":24,"column":91}},"type":"binary-expr","locations":[{"start":{"line":24,"column":78},"end":{"line":24,"column":83}},{"start":{"line":24,"column":87},"end":{"line":24,"column":91}}]}},"s":{"0":0,"1":0,"2":0,"3":0,"4":0,"5":0,"6":0,"7":0,"8":0,"9":0,"10":0,"11":0,"12":0,"13":0,"14":0,"15":0,"16":0,"17":0,"18":0,"19":0,"20":0},"f":{"0":0,"1":0},"b":{"0":[0,0],"1":[0,0],"2":[0,0],"3":[0,0],"4":[0,0],"5":[0,0],"6":[0,0],"7":[0,0],"8":[0,0],"9":[0,0]}}
,"/home/foomanchu8008/Documents/cloudcurio-next-blog/app/api/reviews/claim/route.ts": {"path":"/home/foomanchu8008/Documents/cloudcurio-next-blog/app/api/reviews/claim/route.ts","statementMap":{"0":{"start":{"line":4,"column":0},"end":{"line":4,"column":7}},"1":{"start":{"line":1,"column":0},"end":{"line":1,"column":43}},"2":{"start":{"line":2,"column":0},"end":{"line":2,"column":34}},"3":{"start":{"line":3,"column":13},"end":{"line":3,"column":32}},"4":{"start":{"line":5,"column":16},"end":{"line":5,"column":46}},"5":{"start":{"line":6,"column":2},"end":{"line":6,"column":128}},"6":{"start":{"line":6,"column":60},"end":{"line":6,"column":128}},"7":{"start":{"line":7,"column":27},"end":{"line":7,"column":83}},"8":{"start":{"line":7,"column":55},"end":{"line":7,"column":81}},"9":{"start":{"line":8,"column":14},"end":{"line":16,"column":4}},"10":{"start":{"line":9,"column":14},"end":{"line":12,"column":6}},"11":{"start":{"line":10,"column":104},"end":{"line":10,"column":144}},"12":{"start":{"line":13,"column":4},"end":{"line":13,"column":23}},"13":{"start":{"line":13,"column":11},"end":{"line":13,"column":23}},"14":{"start":{"line":14,"column":4},"end":{"line":14,"column":183}},"15":{"start":{"line":15,"column":4},"end":{"line":15,"column":13}},"16":{"start":{"line":17,"column":2},"end":{"line":17,"column":49}}},"fnMap":{"0":{"name":"POST","decl":{"start":{"line":4,"column":22},"end":{"line":4,"column":26}},"loc":{"start":{"line":4,"column":39},"end":{"line":18,"column":1}}},"1":{"name":"(anonymous_1)","decl":{"start":{"line":7,"column":50},"end":{"line":7,"column":52}},"loc":{"start":{"line":7,"column":55},"end":{"line":7,"column":81}}},"2":{"name":"(anonymous_2)","decl":{"start":{"line":8,"column":40},"end":{"line":8,"column":45}},"loc":{"start":{"line":8,"column":51},"end":{"line":16,"column":3}}},"3":{"name":"(anonymous_3)","decl":{"start":{"line":10,"column":98},"end":{"line":10,"column":99}},"loc":{"start":{"line":10,"column":104},"end":{"line":10,"column":144}}}},"branchMap":{"0":{"loc":{"start":{"line":5,"column":16},"end":{"line":5,"column":46}},"type":"binary-expr","locations":[{"start":{"line":5,"column":16},"end":{"line":5,"column":40}},{"start":{"line":5,"column":44},"end":{"line":5,"column":46}}]},"1":{"loc":{"start":{"line":6,"column":2},"end":{"line":6,"column":128}},"type":"if","locations":[{"start":{"line":6,"column":2},"end":{"line":6,"column":128}},{"start":{},"end":{}}]},"2":{"loc":{"start":{"line":6,"column":5},"end":{"line":6,"column":58}},"type":"binary-expr","locations":[{"start":{"line":6,"column":5},"end":{"line":6,"column":11}},{"start":{"line":6,"column":15},"end":{"line":6,"column":58}}]},"3":{"loc":{"start":{"line":10,"column":37},"end":{"line":10,"column":153}},"type":"cond-expr","locations":[{"start":{"line":10,"column":80},"end":{"line":10,"column":148}},{"start":{"line":10,"column":151},"end":{"line":10,"column":153}}]},"4":{"loc":{"start":{"line":10,"column":37},"end":{"line":10,"column":77}},"type":"binary-expr","locations":[{"start":{"line":10,"column":37},"end":{"line":10,"column":59}},{"start":{"line":10,"column":63},"end":{"line":10,"column":77}}]},"5":{"loc":{"start":{"line":13,"column":4},"end":{"line":13,"column":23}},"type":"if","locations":[{"start":{"line":13,"column":4},"end":{"line":13,"column":23}},{"start":{},"end":{}}]},"6":{"loc":{"start":{"line":14,"column":92},"end":{"line":14,"column":111}},"type":"binary-expr","locations":[{"start":{"line":14,"column":92},"end":{"line":14,"column":105}},{"start":{"line":14,"column":109},"end":{"line":14,"column":111}}]},"7":{"loc":{"start":{"line":14,"column":122},"end":{"line":14,"column":138}},"type":"binary-expr","locations":[{"start":{"line":14,"column":122},"end":{"line":14,"column":125}},{"start":{"line":14,"column":129},"end":{"line":14,"column":138}}]},"8":{"loc":{"start":{"line":17,"column":34},"end":{"line":17,"column":45}},"type":"binary-expr","locations":[{"start":{"line":17,"column":34},"end":{"line":17,"column":37}},{"start":{"line":17,"column":41},"end":{"line":17,"column":45}}]}},"s":{"0":0,"1":0,"2":0,"3":0,"4":0,"5":0,"6":0,"7":0,"8":0,"9":0,"10":0,"11":0,"12":0,"13":0,"14":0,"15":0,"16":0},"f":{"0":0,"1":0,"2":0,"3":0},"b":{"0":[0,0],"1":[0,0],"2":[0,0],"3":[0,0],"4":[0,0],"5":[0,0],"6":[0,0],"7":[0,0],"8":[0,0]}}
,"/home/foomanchu8008/Documents/cloudcurio-next-blog/app/api/scripts/route.ts": {"path":"/home/foomanchu8008/Documents/cloudcurio-next-blog/app/api/scripts/route.ts","statementMap":{"0":{"start":{"line":7,"column":0},"end":{"line":7,"column":7}},"1":{"start":{"line":11,"column":0},"end":{"line":11,"column":7}},"2":{"start":{"line":1,"column":0},"end":{"line":1,"column":43}},"3":{"start":{"line":2,"column":0},"end":{"line":2,"column":34}},"4":{"start":{"line":3,"column":0},"end":{"line":3,"column":28}},"5":{"start":{"line":4,"column":0},"end":{"line":4,"column":45}},"6":{"start":{"line":5,"column":0},"end":{"line":5,"column":41}},"7":{"start":{"line":6,"column":13},"end":{"line":6,"column":32}},"8":{"start":{"line":8,"column":14},"end":{"line":8,"column":77}},"9":{"start":{"line":9,"column":2},"end":{"line":9,"column":45}},"10":{"start":{"line":12,"column":18},"end":{"line":12,"column":53}},"11":{"start":{"line":13,"column":2},"end":{"line":15,"column":3}},"12":{"start":{"line":14,"column":4},"end":{"line":14,"column":69}},"13":{"start":{"line":16,"column":83},"end":{"line":16,"column":99}},"14":{"start":{"line":17,"column":2},"end":{"line":17,"column":104}},"15":{"start":{"line":17,"column":34},"end":{"line":17,"column":104}},"16":{"start":{"line":18,"column":17},"end":{"line":18,"column":74}},"17":{"start":{"line":19,"column":14},"end":{"line":23,"column":4}},"18":{"start":{"line":24,"column":2},"end":{"line":24,"column":44}}},"fnMap":{"0":{"name":"GET","decl":{"start":{"line":7,"column":22},"end":{"line":7,"column":25}},"loc":{"start":{"line":7,"column":25},"end":{"line":10,"column":1}}},"1":{"name":"POST","decl":{"start":{"line":11,"column":22},"end":{"line":11,"column":26}},"loc":{"start":{"line":11,"column":39},"end":{"line":25,"column":1}}}},"branchMap":{"0":{"loc":{"start":{"line":13,"column":2},"end":{"line":15,"column":3}},"type":"if","locations":[{"start":{"line":13,"column":2},"end":{"line":15,"column":3}},{"start":{},"end":{}}]},"1":{"loc":{"start":{"line":13,"column":5},"end":{"line":13,"column":56}},"type":"binary-expr","locations":[{"start":{"line":13,"column":5},"end":{"line":13,"column":13}},{"start":{"line":13,"column":18},"end":{"line":13,"column":56}}]},"2":{"loc":{"start":{"line":16,"column":36},"end":{"line":16,"column":51}},"type":"default-arg","locations":[{"start":{"line":16,"column":44},"end":{"line":16,"column":51}}]},"3":{"loc":{"start":{"line":16,"column":53},"end":{"line":16,"column":69}},"type":"default-arg","locations":[{"start":{"line":16,"column":61},"end":{"line":16,"column":69}}]},"4":{"loc":{"start":{"line":17,"column":2},"end":{"line":17,"column":104}},"type":"if","locations":[{"start":{"line":17,"column":2},"end":{"line":17,"column":104}},{"start":{},"end":{}}]},"5":{"loc":{"start":{"line":17,"column":5},"end":{"line":17,"column":32}},"type":"binary-expr","locations":[{"start":{"line":17,"column":5},"end":{"line":17,"column":10}},{"start":{"line":17,"column":14},"end":{"line":17,"column":22}},{"start":{"line":17,"column":26},"end":{"line":17,"column":32}}]}},"s":{"0":0,"1":0,"2":0,"3":0,"4":0,"5":0,"6":0,"7":0,"8":0,"9":0,"10":0,"11":0,"12":0,"13":0,"14":0,"15":0,"16":0,"17":0,"18":0},"f":{"0":0,"1":0},"b":{"0":[0,0],"1":[0,0],"2":[0],"3":[0],"4":[0,0],"5":[0,0,0]}}
,"/home/foomanchu8008/Documents/cloudcurio-next-blog/app/api/stripe/webhook/route.ts": {"path":"/home/foomanchu8008/Documents/cloudcurio-next-blog/app/api/stripe/webhook/route.ts","statementMap":{"0":{"start":{"line":5,"column":0},"end":{"line":5,"column":7}},"1":{"start":{"line":1,"column":0},"end":{"line":1,"column":43}},"2":{"start":{"line":2,"column":0},"end":{"line":2,"column":38}},"3":{"start":{"line":3,"column":0},"end":{"line":3,"column":34}},"4":{"start":{"line":4,"column":13},"end":{"line":4,"column":32}},"5":{"start":{"line":6,"column":14},"end":{"line":6,"column":49}},"6":{"start":{"line":7,"column":14},"end":{"line":7,"column":30}},"7":{"start":{"line":9,"column":2},"end":{"line":13,"column":3}},"8":{"start":{"line":10,"column":4},"end":{"line":10,"column":90}},"9":{"start":{"line":12,"column":4},"end":{"line":12,"column":78}},"10":{"start":{"line":14,"column":2},"end":{"line":44,"column":3}},"11":{"start":{"line":17,"column":16},"end":{"line":17,"column":40}},"12":{"start":{"line":18,"column":26},"end":{"line":18,"column":40}},"13":{"start":{"line":19,"column":22},"end":{"line":19,"column":56}},"14":{"start":{"line":20,"column":21},"end":{"line":20,"column":39}},"15":{"start":{"line":21,"column":23},"end":{"line":21,"column":66}},"16":{"start":{"line":22,"column":21},"end":{"line":22,"column":53}},"17":{"start":{"line":23,"column":19},"end":{"line":23,"column":69}},"18":{"start":{"line":24,"column":6},"end":{"line":36,"column":7}},"19":{"start":{"line":25,"column":8},"end":{"line":35,"column":11}},"20":{"start":{"line":37,"column":6},"end":{"line":37,"column":12}},"21":{"start":{"line":40,"column":16},"end":{"line":40,"column":40}},"22":{"start":{"line":41,"column":6},"end":{"line":41,"column":87}},"23":{"start":{"line":42,"column":6},"end":{"line":42,"column":12}},"24":{"start":{"line":45,"column":2},"end":{"line":45,"column":47}}},"fnMap":{"0":{"name":"POST","decl":{"start":{"line":5,"column":22},"end":{"line":5,"column":26}},"loc":{"start":{"line":5,"column":39},"end":{"line":46,"column":1}}},"1":{"name":"(anonymous_1)","decl":{"start":{"line":41,"column":79},"end":{"line":41,"column":81}},"loc":{"start":{"line":41,"column":83},"end":{"line":41,"column":85}}}},"branchMap":{"0":{"loc":{"start":{"line":14,"column":2},"end":{"line":44,"column":3}},"type":"switch","locations":[{"start":{"line":15,"column":4},"end":{"line":15,"column":41}},{"start":{"line":16,"column":4},"end":{"line":38,"column":5}},{"start":{"line":39,"column":4},"end":{"line":43,"column":5}}]},"1":{"loc":{"start":{"line":24,"column":6},"end":{"line":36,"column":7}},"type":"if","locations":[{"start":{"line":24,"column":6},"end":{"line":36,"column":7}},{"start":{},"end":{}}]},"2":{"loc":{"start":{"line":29,"column":18},"end":{"line":29,"column":81}},"type":"cond-expr","locations":[{"start":{"line":29,"column":61},"end":{"line":29,"column":66}},{"start":{"line":29,"column":69},"end":{"line":29,"column":81}}]}},"s":{"0":0,"1":0,"2":0,"3":0,"4":0,"5":0,"6":0,"7":0,"8":0,"9":0,"10":0,"11":0,"12":0,"13":0,"14":0,"15":0,"16":0,"17":0,"18":0,"19":0,"20":0,"21":0,"22":0,"23":0,"24":0},"f":{"0":0,"1":0},"b":{"0":[0,0,0],"1":[0,0],"2":[0,0]}}
,"/home/foomanchu8008/Documents/cloudcurio-next-blog/app/raw/scripts/[slug]/route.ts": {"path":"/home/foomanchu8008/Documents/cloudcurio-next-blog/app/raw/scripts/[slug]/route.ts","statementMap":{"0":{"start":{"line":4,"column":0},"end":{"line":4,"column":7}},"1":{"start":{"line":1,"column":0},"end":{"line":1,"column":43}},"2":{"start":{"line":2,"column":0},"end":{"line":2,"column":34}},"3":{"start":{"line":3,"column":13},"end":{"line":3,"column":32}},"4":{"start":{"line":5,"column":14},"end":{"line":5,"column":78}},"5":{"start":{"line":6,"column":2},"end":{"line":6,"column":65}},"6":{"start":{"line":6,"column":11},"end":{"line":6,"column":65}},"7":{"start":{"line":7,"column":2},"end":{"line":7,"column":102}},"8":{"start":{"line":8,"column":14},"end":{"line":8,"column":60}},"9":{"start":{"line":9,"column":2},"end":{"line":9,"column":62}},"10":{"start":{"line":10,"column":2},"end":{"line":10,"column":51}},"11":{"start":{"line":11,"column":2},"end":{"line":11,"column":56}},"12":{"start":{"line":12,"column":2},"end":{"line":12,"column":13}}},"fnMap":{"0":{"name":"GET","decl":{"start":{"line":4,"column":22},"end":{"line":4,"column":25}},"loc":{"start":{"line":4,"column":78},"end":{"line":13,"column":1}}}},"branchMap":{"0":{"loc":{"start":{"line":6,"column":2},"end":{"line":6,"column":65}},"type":"if","locations":[{"start":{"line":6,"column":2},"end":{"line":6,"column":65}},{"start":{},"end":{}}]}},"s":{"0":0,"1":0,"2":0,"3":0,"4":0,"5":0,"6":0,"7":0,"8":0,"9":0,"10":0,"11":0,"12":0},"f":{"0":0},"b":{"0":[0,0]}}
,"/home/foomanchu8008/Documents/cloudcurio-next-blog/lib/auth.ts": {"path":"/home/foomanchu8008/Documents/cloudcurio-next-blog/lib/auth.ts","statementMap":{"0":{"start":{"line":2,"column":0},"end":{"line":2,"column":48}},"1":{"start":{"line":3,"column":0},"end":{"line":3,"column":53}},"2":{"start":{"line":4,"column":0},"end":{"line":4,"column":34}},"3":{"start":{"line":5,"column":13},"end":{"line":23,"column":2}},"4":{"start":{"line":17,"column":7},"end":{"line":17,"column":40}},"5":{"start":{"line":18,"column":7},"end":{"line":18,"column":54}},"6":{"start":{"line":19,"column":6},"end":{"line":19,"column":21}}},"fnMap":{"0":{"name":"(anonymous_1)","decl":{"start":{"line":16,"column":4},"end":{"line":16,"column":9}},"loc":{"start":{"line":16,"column":35},"end":{"line":20,"column":5}}}},"branchMap":{},"s":{"0":0,"1":0,"2":0,"3":0,"4":0,"5":0,"6":0},"f":{"0":0},"b":{}}
,"/home/foomanchu8008/Documents/cloudcurio-next-blog/lib/db.ts": {"path":"/home/foomanchu8008/Documents/cloudcurio-next-blog/lib/db.ts","statementMap":{"0":{"start":{"line":1,"column":0},"end":{"line":1,"column":46}},"1":{"start":{"line":2,"column":13},"end":{"line":2,"column":41}}},"fnMap":{},"branchMap":{},"s":{"0":0,"1":0},"f":{},"b":{}}
,"/home/foomanchu8008/Documents/cloudcurio-next-blog/lib/entitlements.ts": {"path":"/home/foomanchu8008/Documents/cloudcurio-next-blog/lib/entitlements.ts","statementMap":{"0":{"start":{"line":8,"column":0},"end":{"line":8,"column":7}},"1":{"start":{"line":1,"column":0},"end":{"line":1,"column":34}},"2":{"start":{"line":3,"column":13},"end":{"line":7,"column":2}},"3":{"start":{"line":9,"column":14},"end":{"line":9,"column":122}},"4":{"start":{"line":10,"column":2},"end":{"line":10,"column":25}},"5":{"start":{"line":10,"column":11},"end":{"line":10,"column":25}},"6":{"start":{"line":11,"column":2},"end":{"line":11,"column":52}},"7":{"start":{"line":11,"column":32},"end":{"line":11,"column":52}},"8":{"start":{"line":12,"column":2},"end":{"line":12,"column":15}}},"fnMap":{"0":{"name":"getUserPlan","decl":{"start":{"line":8,"column":22},"end":{"line":8,"column":33}},"loc":{"start":{"line":8,"column":48},"end":{"line":13,"column":1}}}},"branchMap":{"0":{"loc":{"start":{"line":10,"column":2},"end":{"line":10,"column":25}},"type":"if","locations":[{"start":{"line":10,"column":2},"end":{"line":10,"column":25}},{"start":{},"end":{}}]},"1":{"loc":{"start":{"line":11,"column":2},"end":{"line":11,"column":52}},"type":"if","locations":[{"start":{"line":11,"column":2},"end":{"line":11,"column":52}},{"start":{},"end":{}}]}},"s":{"0":0,"1":0,"2":0,"3":0,"4":0,"5":0,"6":0,"7":0,"8":0},"f":{"0":0},"b":{"0":[0,0],"1":[0,0]}}
,"/home/foomanchu8008/Documents/cloudcurio-next-blog/lib/stripe.ts": {"path":"/home/foomanchu8008/Documents/cloudcurio-next-blog/lib/stripe.ts","statementMap":{"0":{"start":{"line":1,"column":0},"end":{"line":1,"column":28}},"1":{"start":{"line":2,"column":13},"end":{"line":4,"column":3}},"2":{"start":{"line":5,"column":13},"end":{"line":5,"column":63}}},"fnMap":{},"branchMap":{},"s":{"0":0,"1":0,"2":0},"f":{},"b":{}}
,"/home/foomanchu8008/Documents/cloudcurio-next-blog/lib/usage.ts": {"path":"/home/foomanchu8008/Documents/cloudcurio-next-blog/lib/usage.ts","statementMap":{"0":{"start":{"line":3,"column":0},"end":{"line":3,"column":7}},"1":{"start":{"line":6,"column":0},"end":{"line":6,"column":7}},"2":{"start":{"line":1,"column":0},"end":{"line":1,"column":34}},"3":{"start":{"line":2,"column":0},"end":{"line":2,"column":62}},"4":{"start":{"line":4,"column":2},"end":{"line":4,"column":88}},"5":{"start":{"line":7,"column":15},"end":{"line":7,"column":40}},"6":{"start":{"line":8,"column":16},"end":{"line":8,"column":26}},"7":{"start":{"line":8,"column":28},"end":{"line":8,"column":52}},"8":{"start":{"line":9,"column":16},"end":{"line":9,"column":117}},"9":{"start":{"line":10,"column":17},"end":{"line":10,"column":34}},"10":{"start":{"line":11,"column":2},"end":{"line":11,"column":94}}},"fnMap":{"0":{"name":"recordUsage","decl":{"start":{"line":3,"column":22},"end":{"line":3,"column":33}},"loc":{"start":{"line":3,"column":103},"end":{"line":5,"column":1}}},"1":{"name":"checkQuota","decl":{"start":{"line":6,"column":22},"end":{"line":6,"column":32}},"loc":{"start":{"line":6,"column":47},"end":{"line":12,"column":1}}}},"branchMap":{"0":{"loc":{"start":{"line":3,"column":64},"end":{"line":3,"column":74}},"type":"default-arg","locations":[{"start":{"line":3,"column":73},"end":{"line":3,"column":74}}]},"1":{"loc":{"start":{"line":3,"column":76},"end":{"line":3,"column":87}},"type":"default-arg","locations":[{"start":{"line":3,"column":86},"end":{"line":3,"column":87}}]},"2":{"loc":{"start":{"line":3,"column":89},"end":{"line":3,"column":103}},"type":"default-arg","locations":[{"start":{"line":3,"column":99},"end":{"line":3,"column":103}}]}},"s":{"0":0,"1":0,"2":0,"3":0,"4":0,"5":0,"6":0,"7":0,"8":0,"9":0,"10":0},"f":{"0":0,"1":0},"b":{"0":[0],"1":[0],"2":[0]}}
,"/home/foomanchu8008/Documents/cloudcurio-next-blog/lib/utils.ts": {"path":"/home/foomanchu8008/Documents/cloudcurio-next-blog/lib/utils.ts","statementMap":{"0":{"start":{"line":2,"column":0},"end":{"line":2,"column":16}},"1":{"start":{"line":9,"column":0},"end":{"line":9,"column":16}},"2":{"start":{"line":3,"column":2},"end":{"line":6,"column":20}},"3":{"start":{"line":10,"column":2},"end":{"line":14,"column":5}}},"fnMap":{"0":{"name":"formatCurrency","decl":{"start":{"line":2,"column":16},"end":{"line":2,"column":30}},"loc":{"start":{"line":2,"column":45},"end":{"line":7,"column":1}}},"1":{"name":"formatDate","decl":{"start":{"line":9,"column":16},"end":{"line":9,"column":26}},"loc":{"start":{"line":9,"column":37},"end":{"line":15,"column":1}}}},"branchMap":{},"s":{"0":1,"1":1,"2":3,"3":1},"f":{"0":3,"1":1},"b":{}}
}
